YES 69 1914
YES 59 1922
YES 16 1755
YES 52 1956
YES 73 1925
YES 39 1909
YES 104 1969
YES 21 1979
YES 32 1926
YES 87 1952
YES 117 1992
YES 52 1914
YES 70 1952
YES 97 1969
YES 36 1945
YES 48 1914
YES 120 1995
YES 34 1945
YES 113 1952
YES 82 1956
YES 92 1956
YES 52 1914
YES 69 1952
YES 23 1793
YES 90 1963
YES 106 1956
YES 3 1529
YES 121 1969
YES 135 1969
YES 36 1841
YES 37 1945
YES 125 1995
YES 53 1847
YES 83 1956
YES 110 1992
YES 128 1969
YES 40 1952
YES 22 1979
YES 1 1779
YES 65 1995
YES 47 1995
YES 7 1945
YES 13 1930
YES 46 1995
YES 59 1925
YES 58 1995
YES 42 1930
YES 11 1748
YES 33 1930
YES 18 1945
YES 81 1992
YES 109 1992
YES 34 1847
YES 128 1969
YES 105 1987
YES 1 1225
YES 103 1995
YES 37 1995
YES 95 1992
YES 54 1952
YES 96 1995
YES 59 1952
YES 49 1995
NO
YES 28 1986
YES 85 1956
YES 140 1969
YES 111 1995
YES 48 1945
YES 68 1925
YES 38 1945
YES 91 1956
YES 10 1945
YES 59 1995
YES 71 1925
YES 54 1952
YES 41 1945
YES 76 1914
YES 109 1992
YES 38 1911
YES 9 1743
YES 68 1956
YES 9 1945
YES 69 1956
YES 49 1925
YES 134 1969
YES 118 1969
YES 22 1798
YES 24 1798
YES 107 1995
YES 77 1930
YES 11 1841
NO
YES 113 1969
YES 104 1969
YES 1 1225
YES 37 1914
YES 54 1847
YES 85 1992
YES 38 1841
YES 32 1898
YES 15 1841
YES 105 1995
YES 48 1952
YES 86 1956
YES 124 1969
YES 85 1925
YES 36 1841
YES 62 1945
YES 3 1926
YES 91 1963
YES 90 1963
YES 72 1925
YES 10 1926
YES 129 1995
YES 21 1909
YES 45 1995
YES 45 1995
YES 59 1995
YES 46 1898
YES 32 1986
YES 117 1952
YES 23 1841
YES 52 1847
YES 45 1952
YES 39 1995
YES 77 1995
YES 24 1945
YES 102 1973
YES 77 1995
YES 11 1945
YES 30 1909
YES 8 1793
YES 16 1945
YES 80 1963
YES 22 1902
YES 31 1995
YES 16 1779
YES 93 1995
YES 42 1925
YES 36 1847
YES 13 1924
YES 11 1529
YES 111 1956
YES 14 1742
YES 118 1995
YES 126 1969
YES 16 1945
YES 103 1995
YES 109 1963
YES 35 1911
YES 58 1952
YES 51 1995
YES 33 1847
YES 25 1945
YES 11 1924
YES 121 1969
YES 136 1969
YES 103 1987
YES 11 1841
YES 62 1847
YES 62 1992
YES 93 1956
YES 120 1969
YES 11 1779
YES 10 1945
YES 33 1945
YES 10 1924
YES 78 1956
YES 17 1945
YES 48 1898
YES 44 1995
YES 43 1847
YES 126 1969
YES 41 1979
YES 38 1847
YES 6 1602
YES 27 1914
YES 13 1926
YES 15 1748
YES 68 1995
YES 50 1930
YES 136 1969
YES 85 1963
YES 9 1926
YES 61 1925
YES 113 1995
YES 22 1779
YES 119 1969
YES 68 1992
YES 31 1925
YES 36 1909
YES 81 1925
YES 76 1995
YES 81 1956
YES 81 1995
YES 110 1995
YES 65 1952
YES 26 1898
YES 19 1945
YES 28 1945
YES 36 1925
YES 16 1945
YES 129 1973
YES 31 1995
NO
YES 68 1992
YES 62 1925
YES 59 1995
YES 104 1925
YES 52 1956
YES 59 1873
YES 122 1952
YES 101 1952
YES 2 1945
YES 77 1956
YES 109 1969
YES 19 1755
YES 137 1969
YES 95 1956
YES 30 1930
YES 55 1995
YES 65 1914
YES 74 1995
YES 11 1926
YES 16 1793
YES 89 1956
YES 102 1963
YES 125 1995
YES 50 1914
YES 115 1956
YES 121 1952
YES 66 1952
YES 42 1847
YES 127 1995
YES 108 1956
YES 115 1956
YES 16 1986
NO
YES 17 1926
YES 99 1995
YES 76 1995
YES 102 1995
YES 111 1969
YES 130 1969
YES 42 1930
YES 114 1963
YES 28 1914
YES 6 1838
YES 115 1969
YES 75 1995
YES 19 1847
YES 68 1930
YES 35 1925
YES 26 1851
YES 96 1963
YES 65 1925
YES 18 1926
YES 27 1979
YES 90 1995
YES 132 1969
YES 35 1930
YES 22 1986
YES 25 1945
YES 72 1956
YES 80 1995
YES 86 1987
YES 24 1841
YES 34 1930
YES 58 1995
YES 101 1992
YES 86 1963
YES 84 1952
YES 11 1529
YES 72 1914
NO
YES 56 1898
YES 24 1930
YES 35 1930
YES 76 1914
YES 37 1902
YES 103 1995
YES 33 1986
YES 4 1945
YES 135 1969
YES 79 1952
YES 48 1914
YES 118 1969
YES 23 1986
YES 97 1995
YES 120 1995
YES 7 1779
YES 83 1987
YES 87 1963
YES 50 1930
YES 5 1793
YES 10 1755
YES 76 1952
YES 36 1930
YES 100 1963
YES 114 1952
YES 120 1969
YES 29 1902
YES 69 1956
YES 33 1793
YES 114 1956
YES 114 1956
YES 90 1973
YES 86 1992
YES 7 1529
YES 57 1956
YES 103 1995
YES 34 1793
YES 123 1995
YES 2 1567
YES 10 1793
YES 137 1973
YES 131 1973
YES 93 1956
YES 54 1847
YES 27 1945
YES 133 1969
YES 51 1925
YES 103 1969
NO
NO
YES 33 1841
YES 76 1992
YES 43 1945
YES 40 1925
YES 37 1945
YES 45 1952
YES 72 1963
YES 7 1945
YES 4 1743
YES 71 1925
YES 16 1986
YES 30 1945
YES 90 1995
YES 38 1945
YES 104 1992
YES 10 1945
YES 116 1995
YES 122 1995
YES 131 1969
YES 78 1992
YES 87 1963
YES 58 1873
YES 113 1995
YES 116 1995
YES 66 1995
YES 58 1930
YES 8 1362
YES 2 1752
YES 88 1987
YES 35 1914
YES 72 1952
YES 48 1956
YES 105 1963
YES 96 1995
YES 84 1963
YES 48 1956
YES 43 1930
YES 49 1930
YES 29 1986
YES 49 1995
YES 83 1995
YES 96 1925
YES 64 1995
YES 85 1987
YES 122 1995
YES 85 1914
YES 99 1995
YES 22 1742
YES 76 1995
YES 98 1992
YES 104 1995
YES 20 1755
YES 34 1925
YES 6 1924
YES 121 1969
YES 85 1995
YES 19 1986
YES 8 1660
YES 50 1956
YES 9 1755
NO
YES 23 1924
YES 80 1956
YES 8 1930
YES 62 1963
YES 83 1963
YES 56 1925
YES 63 1925
YES 79 1987
YES 25 1945
YES 18 1945
YES 89 1995
YES 60 1925
YES 51 1925
YES 123 1995
YES 49 1945
YES 65 1956
YES 33 1926
YES 84 1963
YES 127 1995
YES 40 1992
YES 63 1995
YES 93 1956
YES 1 1225
YES 123 1995
YES 11 1660
YES 81 1914
YES 117 1969
YES 6 1793
YES 1 1945
YES 101 1963
YES 5 1225
NO
YES 12 1755
YES 13 1926
YES 18 1986
YES 107 1995
YES 130 1969
YES 126 1973
YES 6 1945
YES 59 1847
YES 124 1969
YES 75 1952
YES 51 1995
YES 97 1995
YES 74 1995
YES 91 1956
YES 49 1995
YES 111 1995
YES 112 1969
YES 105 1963
YES 92 1963
YES 124 1969
YES 110 1963
YES 84 1952
YES 23 1660
YES 37 1902
YES 58 1952
YES 123 1956
YES 27 1890
YES 111 1992
YES 24 1945
YES 127 1969
YES 47 1930
YES 63 1847
YES 32 1926
YES 27 1914
YES 24 1995
YES 40 1956
YES 21 1909
YES 61 1956
YES 40 1930
YES 57 1995
YES 71 1995
YES 141 1969
YES 37 1841
YES 57 1952
YES 9 1945
YES 120 1995
YES 62 1914
YES 134 1995
YES 3 1225
YES 50 1952
YES 9 1945
YES 18 1945
YES 132 1969
YES 90 1995
YES 34 1914
YES 65 1925
YES 60 1995
YES 1 1737
YES 15 1930
YES 119 1956
YES 65 1922
YES 77 1992
YES 21 1926
YES 103 1952
YES 91 1995
YES 26 1995
YES 20 1945
YES 71 1956
YES 85 1995
YES 62 1847
YES 32 1930
YES 139 1969
YES 97 1963
YES 5 1945
YES 7 1851
YES 54 1898
YES 32 1945
YES 36 1930
YES 119 1956
YES 42 1914
YES 117 1995
YES 32 1995
YES 16 1779
YES 69 1925
YES 90 1995
NO
YES 37 1914
YES 117 1995
YES 1 1779
YES 15 1779
YES 41 1995
YES 88 1995
YES 112 1969
YES 9 1742
YES 43 1847
YES 108 1995
YES 8 1945
YES 38 1952
YES 114 1995
YES 70 1922
YES 92 1963
YES 45 1911
YES 1 1737
YES 25 1793
YES 92 1973
YES 2 1567
YES 63 1925
YES 56 1995
YES 5 1779
YES 79 1952
YES 69 1952
YES 84 1952
YES 22 1930
YES 32 1945
YES 58 1995
YES 45 1930
YES 9 1742
YES 61 1952
YES 5 1567
YES 47 1952
YES 20 1793
YES 27 1930
YES 25 1945
YES 27 1902
YES 20 1986
YES 117 1969
YES 31 1873
YES 25 1945
YES 128 1969
YES 43 1995
YES 89 1995
YES 67 1952
YES 11 1945
YES 47 1914
YES 11 1926
YES 42 1945
YES 127 1969
YES 31 1945
YES 45 1914
YES 31 1945
YES 128 1995
YES 8 1660
YES 87 1995
YES 142 1969
YES 114 1992
YES 98 1956
YES 52 1995
YES 62 1995
YES 46 1930
YES 61 1995
YES 66 1847
YES 98 1963
YES 45 1952
YES 47 1945
YES 26 1779
YES 26 1995
YES 4 1743
YES 14 1979
YES 52 1992
YES 54 1930
YES 28 1945
YES 3 1660
YES 86 1963
YES 13 1945
YES 18 1742
YES 18 1873
YES 134 1969
YES 105 1992
YES 108 1969
YES 20 1902
YES 61 1914
YES 27 1995
YES 34 1945
YES 50 1914
YES 54 1847
YES 56 1925
YES 68 1930
NO
YES 85 1992
YES 70 1995
YES 5 1793
YES 119 1969
YES 120 1992
YES 28 1986
YES 50 1898
YES 6 1660
YES 124 1995
YES 124 1969
YES 33 1995
YES 29 1945
YES 3 1660
YES 70 1952
YES 50 1925
YES 8 1838
YES 118 1956
YES 92 1963
YES 115 1969
YES 20 1755
YES 58 1847
YES 66 1995
YES 1 1779
YES 76 1987
YES 23 1926
YES 71 1995
YES 102 1995
YES 115 1956
YES 100 1992
YES 128 1969
YES 57 1898
YES 32 1930
YES 62 1922
YES 77 1956
YES 100 1925
YES 74 1995
YES 79 1956
YES 21 1793
YES 97 1963
YES 83 1956
YES 121 1969
YES 13 1926
YES 89 1956
YES 71 1922
YES 118 1969
YES 94 1963
YES 44 1945
YES 47 1979
YES 3 1222
YES 21 1945
YES 120 1995
YES 13 1742
YES 123 1995
YES 18 1660
YES 113 1969
YES 54 1995
YES 97 1956
YES 63 1925
YES 107 1995
YES 109 1969
YES 18 1945
YES 43 1952
YES 41 1945
YES 9 1355
YES 10 1793
YES 83 1956
YES 17 1986
YES 32 1930
YES 135 1969
YES 37 1902
YES 103 1963
YES 16 1660
YES 1 1225
YES 36 1926
YES 46 1847
YES 128 1973
YES 9 1945
YES 7 1924
YES 65 1992
YES 7 1793
YES 61 1952
YES 46 1847
YES 77 1963
YES 53 1952
YES 88 1956
YES 94 1995
YES 113 1995
YES 50 1914
YES 39 1914
YES 1 1225
YES 57 1956
YES 35 1902
YES 3 1945
YES 134 1969
YES 106 1995
YES 11 1979
YES 99 1963
YES 47 1995
YES 31 1930
YES 33 1995
YES 7 1742
YES 42 1995
YES 103 1969
YES 62 1956
YES 13 1930
YES 91 1995
YES 89 1963
YES 5 1355
YES 46 1992
YES 24 1945
NO
YES 68 1956
YES 124 1969
YES 105 1995
YES 20 1803
YES 89 1956
YES 118 1969
YES 113 1992
YES 123 1969
YES 11 1660
YES 78 1963
YES 80 1914
YES 98 1969
YES 118 1969
YES 15 1986
YES 1 1737
YES 33 1926
YES 22 1911
YES 81 1956
YES 64 1914
YES 37 1945
YES 28 1995
YES 110 1969
YES 36 1914
YES 99 1987
YES 85 1963
YES 24 1873
YES 36 1914
YES 42 1945
YES 48 1952
YES 35 1986
YES 134 1969
YES 44 1925
YES 93 1963
YES 48 1925
YES 72 1963
YES 65 1956
YES 55 1995
YES 55 1995
YES 41 1930
YES 120 1952
YES 99 1995
YES 26 1995
YES 80 1987
YES 25 1945
YES 10 1755
YES 47 1914
YES 105 1963
YES 92 1956
YES 54 1995
YES 113 1969
YES 24 1945
YES 42 1995
YES 15 1742
YES 54 1956
YES 6 1945
YES 102 1995
YES 34 1945
YES 7 1355
YES 18 1986
YES 47 1914
YES 10 1755
YES 4 1355
YES 69 1995
YES 39 1930
YES 73 1925
YES 8 1841
YES 96 1963
YES 42 1995
YES 29 1926
YES 108 1969
YES 71 1995
YES 78 1956
YES 103 1963
YES 93 1956
YES 98 1952
YES 97 1995
YES 55 1952
YES 120 1969
YES 55 1995
YES 19 1945
YES 54 1956
YES 17 1945
YES 17 1930
YES 9 1945
YES 106 1952
YES 76 1995
YES 96 1963
YES 25 1779
YES 8 1924
YES 36 1945
YES 57 1995
YES 40 1995
YES 76 1992
YES 22 1986
YES 57 1952
YES 5 1793
YES 73 1925
YES 13 1660
YES 88 1995
YES 98 1995
YES 43 1945
YES 44 1995
YES 104 1973
YES 53 1914
YES 71 1952
YES 11 1924
YES 108 1995
NO
YES 97 1969
YES 49 1952
YES 44 1914
YES 103 1992
YES 35 1930
YES 92 1956
YES 125 1995
NO
YES 5 1793
YES 16 1930
YES 105 1995
YES 96 1969
YES 82 1987
YES 62 1956
YES 110 1963
YES 13 1660
YES 64 1956
YES 99 1969
YES 109 1969
YES 34 1914
YES 32 1986
NO
YES 108 1995
YES 99 1992
YES 61 1914
YES 41 1995
YES 7 1924
YES 13 1926
YES 35 1945
YES 56 1914
YES 30 1986
YES 58 1945
YES 47 1847
YES 108 1969
YES 52 1995
YES 83 1995
YES 142 1969
YES 130 1969
YES 29 1995
YES 59 1992
YES 65 1952
YES 121 1995
YES 45 1847
NO
YES 43 1930
YES 42 1930
YES 48 1925
YES 76 1952
YES 16 1945
YES 106 1963
YES 46 1847
YES 38 1847
YES 128 1973
YES 34 1995
YES 81 1963
YES 37 1847
NO
YES 85 1987
YES 46 1930
NO
YES 86 1995
YES 104 1995
YES 21 1779
YES 52 1952
YES 124 1969
YES 89 1956
YES 33 1841
YES 95 1963
YES 56 1945
YES 83 1925
YES 62 1995
YES 66 1956
YES 122 1969
YES 39 1930
YES 74 1922
YES 16 1793
YES 100 1952
YES 18 1945
YES 51 1930
YES 61 1930
YES 9 1529
YES 78 1992
YES 22 1779
YES 126 1995
YES 20 1793
YES 1 1225
YES 22 1945
YES 47 1995
YES 74 1995
YES 99 1969
YES 94 1963
YES 53 1995
YES 59 1956
YES 97 1925
YES 91 1956
YES 104 1963
YES 42 1930
YES 5 1945
YES 139 1969
YES 17 1945
YES 89 1952
YES 46 1925
YES 38 1926
YES 19 1995
YES 67 1956
YES 32 1930
YES 21 1945
YES 104 1995
YES 111 1969
YES 54 1995
YES 72 1952
YES 98 1995
YES 34 1945
YES 124 1995
YES 96 1963
YES 60 1995
YES 33 1909
YES 82 1952
YES 42 1992
YES 33 1909
YES 99 1956
YES 34 1986
YES 112 1952
YES 121 1995
YES 41 1995
YES 116 1969
YES 69 1995
YES 11 1924
NO
YES 7 1926
YES 41 1914
YES 15 1979
YES 16 1742
YES 10 1945
YES 1 253
YES 56 1925
YES 58 1992
YES 57 1956
YES 32 1945
YES 54 1930
YES 55 1925
YES 135 1969
YES 90 1995
YES 11 1660
YES 10 1945
YES 48 1995
YES 88 1987
YES 22 1945
YES 88 1956
YES 94 1995
YES 51 1952
YES 111 1969
YES 59 1995
YES 19 1945
YES 14 1602
YES 123 1973
YES 4 1743
YES 127 1973
YES 32 1995
YES 125 1969
YES 98 1952
YES 33 1914
YES 49 1898
YES 95 1956
YES 95 1963
YES 87 1956
YES 65 1956
YES 49 1956
YES 84 1956
YES 47 1898
YES 102 1995
YES 24 1909
YES 32 1979
YES 71 1956
YES 9 1945
YES 43 1841
YES 16 1660
YES 29 1995
YES 19 1945
YES 115 1973
YES 64 1992
YES 13 1742
YES 121 1969
YES 7 1602
YES 11 1945
YES 38 1995
YES 10 1529
NO
YES 17 1930
YES 56 1952
YES 94 1956
YES 2 1278
NO
YES 70 1922
YES 16 1945
YES 140 1969
YES 143 1969
YES 8 1986
YES 55 1956
YES 95 1963
YES 83 1995
YES 40 1793
YES 101 1969
YES 44 1992
YES 76 1963
YES 78 1987
YES 27 1945
NO
YES 54 1952
YES 14 1779
YES 20 1930
YES 66 1952
YES 5 1638
YES 113 1969
YES 59 1995
YES 69 1956
YES 10 1779
YES 1 1355
YES 139 1969
YES 84 1992
YES 73 1995
YES 64 1992
YES 10 1926
YES 9 1851
YES 101 1969
YES 73 1952
YES 93 1956
YES 10 1362
YES 63 1956
YES 83 1956
YES 32 1841
YES 6 1851
YES 30 1930
YES 61 1922
YES 21 1945
YES 76 1956
YES 14 1945
YES 60 1952
YES 75 1956
YES 50 1995
YES 39 1930
YES 69 1914
YES 54 1847
YES 105 1963
YES 127 1969
YES 16 1779
YES 22 1945
YES 95 1956
YES 23 1945
YES 93 1995
YES 52 1945
YES 1 486
YES 110 1992
YES 79 1956
YES 39 1945
YES 21 1926
YES 30 1945
YES 60 1922
YES 95 1956
YES 57 1995
YES 60 1995
YES 35 1995
YES 95 1956
YES 57 1956
YES 30 1926
YES 10 1926
YES 64 1956
YES 20 1945
YES 121 1995
NO
YES 2 1355
YES 60 1995
YES 10 1742
YES 99 1995
YES 3 1926
YES 10 1924
YES 59 1995
YES 10 1742
YES 116 1969
YES 10 1945
YES 48 1995
YES 87 1963
YES 41 1945
YES 70 1952
YES 123 1969
YES 74 1992
YES 2 1225
YES 15 1945
YES 59 1952
YES 11 1930
YES 107 1995
YES 45 1914
YES 19 1979
YES 1 476
YES 67 1956
YES 93 1925
YES 80 1995
YES 27 1911
YES 21 1902
YES 112 1995
YES 22 1793
YES 114 1995
NO
YES 47 1952
YES 101 1952
YES 15 1779
YES 26 1779
YES 15 1779
YES 13 1660
YES 46 1995
YES 30 1995
YES 38 1945
YES 80 1995
YES 48 1925
YES 124 1969
YES 24 1890
YES 10 1755
YES 90 1995
YES 92 1987
YES 107 1995
YES 60 1995
YES 93 1995
NO
YES 12 1660
YES 68 1995
YES 89 1973
YES 36 1930
YES 35 1914
NO
YES 72 1995
YES 133 1969
YES 12 1841
YES 48 1945
YES 74 1956
NO
YES 29 1851
YES 79 1956
YES 9 1743
YES 35 1930
YES 108 1992
YES 32 1945
YES 22 1986
YES 125 1973
YES 87 1992
YES 79 1956
YES 1 253
YES 66 1995
YES 118 1969
YES 117 1956
YES 115 1969
YES 85 1995
YES 118 1952
YES 116 1995
YES 23 1841
YES 2 896
YES 124 1995
YES 12 1742
YES 40 1945
YES 122 1995
YES 65 1956
YES 82 1956
YES 85 1925
YES 32 1930
YES 51 1914
YES 67 1995
YES 131 1969
YES 8 1945
YES 99 1963
YES 124 1995
YES 104 1963
YES 54 1956
YES 55 1995
YES 120 1969
YES 31 1945
YES 125 1969
YES 57 1847
YES 122 1995
YES 130 1969
YES 103 1969
YES 15 1945
YES 54 1925
YES 88 1963
YES 48 1945
YES 78 1956
YES 122 1995
YES 56 1952
YES 98 1995
YES 41 1995
YES 14 1924
YES 78 1995
YES 17 1945
YES 93 1956
YES 95 1963
YES 115 1969
YES 118 1969
YES 102 1995
YES 55 1847
YES 7 1838
YES 57 1995
YES 120 1969
YES 5 1355
YES 110 1969
YES 26 1890
YES 11 1660
YES 18 1986
YES 110 1969
YES 53 1956
YES 65 1925
YES 124 1969
YES 33 1930
YES 70 1995
YES 20 1930
YES 4 1793
YES 92 1987
YES 64 1922
NO
YES 2 1522
YES 17 1945
YES 27 1986
YES 63 1995
YES 95 1956
NO
YES 30 1902
YES 39 1952
YES 21 1779
YES 65 1995
YES 20 1841
YES 49 1930
YES 69 1952
YES 13 1841
YES 90 1956
YES 23 1995
YES 29 1841
YES 83 1956
YES 79 1956
YES 84 1956
NO
YES 104 1969
YES 49 1995
YES 46 1847
YES 106 1995
YES 44 1995
YES 59 1995
YES 37 1793
YES 119 1995
YES 83 1956
YES 4 1945
YES 74 1956
YES 30 1945
YES 1 1225
YES 84 1987
YES 97 1973
YES 30 1902
YES 69 1922
YES 51 1930
YES 80 1956
YES 97 1925
YES 123 1969
YES 33 1926
YES 6 1222
YES 19 1779
YES 103 1995
YES 70 1995
YES 94 1925
YES 76 1914
YES 7 1779
YES 24 1930
YES 108 1995
YES 25 1945
YES 44 1847
YES 116 1969
YES 109 1992
YES 29 1986
YES 46 1945
YES 105 1969
YES 136 1969
YES 1 253
YES 10 1742
YES 9 1602
YES 9 1793
YES 20 1986
YES 121 1995
YES 33 1926
YES 84 1995
YES 44 1847
YES 117 1956
YES 34 1841
YES 104 1969
YES 30 1926
YES 22 1945
YES 96 1952
YES 27 1914
YES 35 1995
YES 72 1956
YES 54 1995
YES 66 1925
YES 88 1995
YES 12 1779
YES 36 1995
YES 33 1898
YES 92 1995
YES 104 1952
YES 26 1873
YES 29 1986
YES 34 1945
YES 29 1986
YES 2 1660
YES 104 1992
YES 8 1924
YES 102 1995
YES 25 1873
YES 30 1986
YES 42 1930
YES 101 1969
YES 65 1956
YES 10 1945
YES 55 1995
YES 24 1945
YES 130 1995
YES 67 1995
YES 83 1963
YES 129 1969
YES 26 1873
YES 119 1973
YES 86 1987
YES 9 1986
YES 10 1660
YES 25 1986
YES 52 1945
YES 11 1755
YES 125 1969
YES 4 1522
YES 102 1963
YES 132 1969
YES 118 1969
YES 13 1986
YES 23 1945
YES 28 1898
YES 68 1956
YES 107 1995
YES 17 1742
YES 129 1969
YES 108 1963
YES 110 1995
YES 76 1987
YES 107 1963
YES 112 1969
YES 95 1956
YES 1 1838
YES 38 1930
YES 8 1924
YES 7 1779
YES 65 1995
YES 69 1952
YES 112 1969
YES 88 1952
YES 12 1924
YES 22 1945
YES 21 1986
YES 71 1995
YES 68 1995
YES 19 1995
YES 121 1995
YES 108 1995
YES 40 1995
YES 85 1995
YES 110 1995
YES 1 1252
YES 129 1995
YES 99 1963
YES 39 1926
YES 48 1952
YES 76 1914
YES 136 1969
YES 108 1995
YES 41 1914
YES 15 1755
YES 120 1969
YES 3 1779
YES 88 1963
YES 122 1956
YES 30 1986
YES 103 1995
YES 25 1779
YES 38 1914
YES 134 1969
YES 132 1995
YES 45 1847
YES 29 1930
YES 87 1995
YES 102 1995
YES 45 1909
YES 54 1995
YES 116 1969
YES 39 1995
YES 38 1952
YES 104 1969
YES 36 1952
YES 97 1995
YES 91 1963
YES 16 1986
YES 58 1925
YES 21 1986
YES 13 1945
YES 57 1956
YES 111 1952
YES 7 1945
YES 47 1995
YES 30 1986
YES 132 1969
YES 14 1930
YES 74 1987
YES 110 1973
YES 20 1986
YES 130 1995
YES 74 1956
YES 69 1952
YES 56 1911
YES 128 1969
YES 59 1952
YES 100 1995
YES 120 1995
YES 16 1945
YES 61 1945
YES 37 1930
YES 77 1995
YES 98 1969
YES 73 1925
YES 17 1911
YES 80 1995
YES 16 1930
YES 22 1793
YES 72 1925
YES 1 253
YES 16 1969
YES 113 1995
YES 113 1995
YES 31 1930
YES 13 1924
YES 94 1969
YES 96 1963
YES 21 1793
YES 121 1956
YES 41 1930
YES 3 1743
YES 86 1956
YES 90 1992
YES 65 1847
YES 68 1952
YES 118 1995
YES 81 1956
YES 10 1945
YES 61 1925
YES 30 1945
YES 132 1973
YES 61 1995
YES 97 1995
YES 126 1969
YES 22 1890
YES 67 1914
YES 92 1992
YES 23 1742
YES 62 1995
YES 121 1969
YES 120 1956
YES 113 1995
YES 66 1922
YES 95 1925
YES 61 1995
YES 134 1969
YES 127 1969
YES 110 1995
YES 25 1986
YES 87 1995
YES 37 1945
NO
YES 109 1995
YES 81 1952
YES 19 1718
YES 35 1793
YES 6 1793
YES 8 1945
YES 79 1995
YES 94 1956
YES 40 1995
YES 70 1922
YES 56 1995
YES 85 1952
YES 17 1660
YES 10 1355
YES 111 1995
YES 70 1995
YES 1 1225
YES 47 1914
YES 99 1956
YES 117 1956
YES 121 1969
YES 25 1945
YES 9 1945
YES 54 1995
YES 122 1956
YES 115 1995
YES 72 1930
YES 85 1956
YES 52 1992
YES 90 1963
YES 96 1956
YES 20 1986
YES 6 1945
YES 17 1945
YES 14 1755
NO
YES 98 1995
YES 36 1945
YES 25 1890
NO
YES 30 1914
YES 134 1969
YES 90 1956
YES 83 1956
YES 21 1755
YES 45 1995
YES 13 1779
YES 71 1952
YES 67 1930
YES 51 1995
YES 133 1969
YES 93 1952
YES 82 1925
YES 115 1956
YES 119 1995
YES 39 1847
YES 43 1995
YES 131 1969
YES 7 1945
YES 47 1992
YES 71 1956
YES 21 1779
YES 49 1925
YES 24 1841
YES 67 1956
YES 13 1660
YES 46 1914
YES 106 1963
YES 65 1992
YES 47 1930
YES 46 1995
YES 34 1909
YES 34 1995
YES 7 1945
YES 65 1952
YES 53 1945
YES 75 1992
YES 129 1995
YES 130 1969
YES 16 1742
YES 96 1995
YES 56 1952
YES 1 253
YES 74 1952
YES 125 1995
YES 46 1930
YES 113 1969
YES 10 1926
YES 11 1779
YES 47 1956
YES 115 1995
YES 74 1992
YES 17 1660
YES 23 1742
YES 97 1952
YES 49 1995
YES 62 1952
YES 98 1969
YES 46 1914
YES 28 1995
YES 7 1793
YES 70 1956
YES 113 1956
YES 24 1945
YES 14 1986
YES 34 1898
YES 100 1995
YES 24 1660
YES 94 1963
YES 131 1973
YES 108 1963
YES 93 1952
YES 29 1841
YES 104 1995
YES 101 1952
YES 11 1742
YES 27 1930
YES 76 1956
YES 31 1945
YES 8 1838
YES 11 1945
YES 14 1945
YES 37 1902
YES 126 1995
YES 8 1355
YES 25 1986
YES 19 1924
YES 2 1225
YES 103 1995
YES 116 1969
YES 110 1963
YES 89 1956
YES 11 1945
YES 114 1969
YES 48 1847
YES 20 1841
YES 52 1847
YES 83 1956
YES 64 1952
YES 1 253
YES 74 1995
YES 8 1851
YES 21 1945
YES 6 1522
YES 4 1779
YES 37 1995
YES 55 1995
YES 101 1963
YES 80 1995
YES 126 1969
YES 52 1909
YES 38 1995
YES 15 1926
YES 48 1992
YES 24 1930
YES 60 1925
YES 6 1222
YES 117 1963
YES 13 1841
YES 55 1898
YES 1 253
YES 36 1925
YES 43 1945
YES 5 1793
YES 118 1969
YES 124 1969
YES 77 1987
YES 29 1995
YES 53 1914
YES 88 1992
YES 49 1995
YES 116 1969
YES 28 1914
YES 71 1995
YES 48 1995
YES 14 1986
YES 132 1973
YES 93 1992
YES 74 1995
YES 130 1995
YES 44 1945
YES 30 1925
YES 48 1925
YES 39 1952
YES 109 1995
YES 111 1969
YES 41 1841
YES 28 1930
YES 61 1995
YES 43 1945
YES 20 1986
YES 25 1995
YES 29 1926
YES 77 1952
YES 30 1930
YES 104 1995
YES 73 1956
YES 120 1969
YES 41 1930
YES 7 1926
YES 43 1847
YES 95 1995
YES 134 1969
YES 21 1841
YES 126 1969
YES 90 1995
YES 123 1969
YES 119 1992
YES 13 1793
YES 102 1995
YES 5 1838
YES 103 1995
YES 96 1987
YES 72 1995
YES 27 1986
YES 80 1995
YES 14 1660
YES 19 1779
YES 102 1987
YES 24 1930
YES 82 1956
YES 39 1930
YES 53 1995
YES 129 1969
YES 41 1909
YES 1 1779
YES 2 1638
YES 122 1969
YES 127 1969
YES 32 1914
YES 53 1992
YES 97 1963
YES 82 1956
YES 23 1779
YES 133 1969
YES 114 1969
YES 4 1793
YES 115 1969
YES 7 1660
YES 133 1969
YES 114 1956
YES 1 896
YES 104 1995
YES 18 1945
YES 40 1992
YES 19 1779
YES 23 1841
YES 42 1914
YES 73 1930
YES 70 1956
YES 15 1602
YES 107 1969
YES 123 1969
YES 107 1995
YES 57 1925
YES 100 1969
YES 134 1969
YES 137 1969
NO
YES 89 1956
YES 12 1945
YES 49 1952
YES 129 1969
YES 107 1995
YES 59 1956
YES 5 1743
YES 131 1969
YES 114 1992
YES 21 1986
YES 100 1992
YES 43 1914
YES 93 1963
YES 14 1660
YES 94 1956
YES 66 1952
YES 97 1995
YES 44 1986
YES 76 1987
YES 86 1987
YES 19 1986
YES 8 1986
YES 117 1995
YES 34 1926
YES 59 1914
YES 4 1743
YES 109 1956
YES 120 1992
YES 15 1779
YES 33 1945
YES 139 1969
YES 1 1638
YES 20 1742
YES 22 1979
YES 43 1986
YES 33 1995
YES 6 1924
YES 14 1986
YES 12 1660
YES 101 1956
YES 79 1925
YES 120 1995
YES 50 1952
YES 122 1969
YES 45 1995
YES 28 1914
YES 115 1969
YES 9 1945
YES 43 1995
YES 46 1992
YES 38 1898
YES 96 1952
YES 36 1930
YES 123 1969
YES 42 1995
YES 131 1969
YES 24 1979
YES 12 1945
YES 68 1952
YES 42 1847
YES 8 1529
YES 55 1911
YES 115 1992
YES 19 1660
YES 91 1925
YES 94 1956
YES 111 1952
YES 8 1945
YES 8 1841
YES 93 1992
YES 118 1995
YES 24 1890
YES 128 1969
YES 90 1963
YES 95 1963
YES 35 1986
YES 36 1930
YES 107 1995
YES 102 1995
YES 31 1995
YES 71 1995
YES 119 1969
YES 26 1995
YES 21 1841
YES 3 1529
YES 37 1930
YES 3 1743
YES 6 1222
YES 51 1995
YES 72 1925
YES 89 1995
YES 60 1995
YES 18 1986
YES 74 1995
YES 55 1956
YES 93 1963
YES 36 1914
YES 31 1986
YES 23 1945
YES 107 1969
YES 21 1841
YES 87 1952
YES 16 1841
YES 141 1969
YES 83 1914
YES 13 1841
YES 125 1969
YES 54 1914
YES 136 1969
YES 72 1952
YES 67 1956
YES 100 1925
YES 37 1995
YES 15 1841
YES 53 1995
YES 30 1945
YES 31 1909
YES 134 1973
YES 140 1969
YES 46 1847
NO
YES 10 1945
YES 140 1969
YES 83 1987
YES 109 1963
YES 8 1529
YES 84 1995
YES 8 1841
YES 55 1945
YES 118 1956
YES 121 1956
YES 78 1956
YES 127 1969
YES 55 1995
NO
YES 97 1995
YES 33 1847
YES 62 1922
YES 31 1930
YES 7 1660
YES 93 1995
YES 97 1995
YES 89 1992
YES 95 1956
YES 114 1995
YES 12 1779
YES 8 1755
YES 7 1793
YES 133 1969
YES 58 1995
YES 50 1952
YES 4 1793
YES 42 1930
YES 50 1945
YES 94 1956
YES 134 1969
YES 54 1952
YES 25 1890
YES 86 1956
YES 65 1925
YES 54 1995
YES 133 1973
YES 82 1987
YES 16 1779
YES 119 1969
YES 25 1873
YES 117 1969
YES 96 1969
YES 63 1925
YES 72 1956
YES 80 1925
YES 13 1986
YES 57 1992
YES 92 1956
YES 17 1779
YES 95 1995
YES 17 1986
YES 18 1742
YES 104 1995
YES 52 1952
YES 121 1969
YES 129 1973
YES 54 1995
YES 34 1995
YES 41 1911
YES 43 1952
YES 122 1956
YES 123 1995
YES 110 1995
YES 39 1992
YES 80 1973
YES 96 1992
YES 124 1969
YES 76 1956
YES 22 1995
YES 1 1225
YES 115 1969
YES 29 1902
YES 6 1926
YES 23 1779
YES 8 1945
YES 109 1956
YES 53 1995
YES 24 1873
YES 110 1969
YES 51 1930
YES 22 1742
YES 9 1945
YES 7 1779
YES 14 1945
NO
YES 4 1793
YES 49 1847
YES 75 1952
YES 80 1952
YES 89 1987
YES 29 1930
YES 108 1952
YES 111 1969
YES 25 1873
YES 35 1995
YES 65 1952
YES 11 1793
YES 89 1987
YES 43 1945
YES 15 1945
YES 44 1873
YES 18 1779
YES 25 1841
YES 1 1225
YES 77 1956
YES 11 1945
YES 3 1838
YES 96 1963
YES 62 1847
YES 35 1847
YES 19 1945
YES 35 1986
YES 124 1995
YES 90 1956
YES 51 1925
YES 28 1930
YES 93 1952
YES 24 1793
YES 65 1925
YES 1 1838
YES 74 1956
YES 29 1945
YES 117 1956
